<?xml version="1.0" encoding="UTF-8"?>
<testng-results ignored="0" total="6" passed="6" failed="0" skipped="0">
  <reporter-output>
  </reporter-output>
  <suite started-at="2022-06-16T14:51:32 CDT" name="Suite" finished-at="2022-06-16T14:52:08 CDT" duration-ms="35912">
    <groups>
    </groups>
    <test started-at="2022-06-16T14:51:32 CDT" name="Test" finished-at="2022-06-16T14:52:08 CDT" duration-ms="35912">
      <class name="com.test.tests.EndToEndScript">
        <test-method is-config="true" signature="baseURI()[pri:0, instance:com.test.tests.EndToEndScript@1b6e1eff]" started-at="2022-06-16T14:51:32 CDT" name="baseURI" finished-at="2022-06-16T14:51:33 CDT" duration-ms="510" status="PASS">
          <reporter-output>
          </reporter-output>
        </test-method> <!-- baseURI -->
        <test-method signature="TC1_invalidLogin()[pri:0, instance:com.test.tests.EndToEndScript@1b6e1eff]" started-at="2022-06-16T14:51:33 CDT" name="TC1_invalidLogin" finished-at="2022-06-16T14:51:35 CDT" duration-ms="1698" status="PASS">
          <reporter-output>
          </reporter-output>
        </test-method> <!-- TC1_invalidLogin -->
        <test-method is-config="true" signature="baseURI()[pri:0, instance:com.test.tests.EndToEndScript@1b6e1eff]" started-at="2022-06-16T14:51:35 CDT" name="baseURI" finished-at="2022-06-16T14:51:35 CDT" duration-ms="1" status="PASS">
          <reporter-output>
          </reporter-output>
        </test-method> <!-- baseURI -->
        <test-method signature="TC1_validLogin()[pri:0, instance:com.test.tests.EndToEndScript@1b6e1eff]" started-at="2022-06-16T14:51:35 CDT" name="TC1_validLogin" finished-at="2022-06-16T14:51:35 CDT" duration-ms="227" status="PASS">
          <reporter-output>
          </reporter-output>
        </test-method> <!-- TC1_validLogin -->
        <test-method signature="TC2_getUserData()[pri:0, instance:com.test.tests.EndToEndScript@1b6e1eff]" started-at="2022-06-16T14:51:35 CDT" name="TC2_getUserData" finished-at="2022-06-16T14:51:47 CDT" duration-ms="11964" status="PASS">
          <reporter-output>
          </reporter-output>
        </test-method> <!-- TC2_getUserData -->
        <test-method is-config="true" signature="baseURI()[pri:0, instance:com.test.tests.EndToEndScript@1b6e1eff]" started-at="2022-06-16T14:51:35 CDT" name="baseURI" finished-at="2022-06-16T14:51:35 CDT" duration-ms="0" status="PASS">
          <reporter-output>
          </reporter-output>
        </test-method> <!-- baseURI -->
        <test-method is-config="true" signature="baseURI()[pri:0, instance:com.test.tests.EndToEndScript@1b6e1eff]" started-at="2022-06-16T14:51:47 CDT" name="baseURI" finished-at="2022-06-16T14:51:47 CDT" duration-ms="1" status="PASS">
          <reporter-output>
          </reporter-output>
        </test-method> <!-- baseURI -->
        <test-method signature="TC3_addUserData()[pri:0, instance:com.test.tests.EndToEndScript@1b6e1eff]" started-at="2022-06-16T14:51:47 CDT" name="TC3_addUserData" finished-at="2022-06-16T14:51:50 CDT" duration-ms="3215" status="PASS">
          <reporter-output>
          </reporter-output>
        </test-method> <!-- TC3_addUserData -->
        <test-method is-config="true" signature="baseURI()[pri:0, instance:com.test.tests.EndToEndScript@1b6e1eff]" started-at="2022-06-16T14:51:50 CDT" name="baseURI" finished-at="2022-06-16T14:51:50 CDT" duration-ms="1" status="PASS">
          <reporter-output>
          </reporter-output>
        </test-method> <!-- baseURI -->
        <test-method signature="TC4_updateUserData()[pri:0, instance:com.test.tests.EndToEndScript@1b6e1eff]" started-at="2022-06-16T14:51:50 CDT" name="TC4_updateUserData" finished-at="2022-06-16T14:51:59 CDT" duration-ms="8911" status="PASS">
          <reporter-output>
          </reporter-output>
        </test-method> <!-- TC4_updateUserData -->
        <test-method signature="TC5_deleteUserData()[pri:0, instance:com.test.tests.EndToEndScript@1b6e1eff]" started-at="2022-06-16T14:51:59 CDT" name="TC5_deleteUserData" finished-at="2022-06-16T14:52:08 CDT" duration-ms="9197" status="PASS">
          <reporter-output>
          </reporter-output>
        </test-method> <!-- TC5_deleteUserData -->
        <test-method is-config="true" signature="baseURI()[pri:0, instance:com.test.tests.EndToEndScript@1b6e1eff]" started-at="2022-06-16T14:51:59 CDT" name="baseURI" finished-at="2022-06-16T14:51:59 CDT" duration-ms="0" status="PASS">
          <reporter-output>
          </reporter-output>
        </test-method> <!-- baseURI -->
      </class> <!-- com.test.tests.EndToEndScript -->
    </test> <!-- Test -->
  </suite> <!-- Suite -->
</testng-results>
