<?xml version="1.0" encoding="UTF-8"?>
<!-- Generated by org.testng.reporters.JUnitXMLReporter -->
<testsuite ignored="5" hostname="Gokulnaths-MacBook-Pro.local" failures="0" tests="1" name="Default test" time="4.755" errors="0" timestamp="2022-06-16T14:50:30 CDT">
  <testcase classname="com.test.tests.EndToEndScript" name="TC1_validLogin" time="4.223"/>
  <testcase classname="com.test.tests.EndToEndScript" name="TC3_addUserData" time="0.0">
    <ignored/>
  </testcase> <!-- TC3_addUserData -->
  <testcase classname="com.test.tests.EndToEndScript" name="TC4_updateUserData" time="0.0">
    <ignored/>
  </testcase> <!-- TC4_updateUserData -->
  <testcase classname="com.test.tests.EndToEndScript" name="TC1_invalidLogin" time="0.0">
    <ignored/>
  </testcase> <!-- TC1_invalidLogin -->
  <testcase classname="com.test.tests.EndToEndScript" name="TC2_getUserData" time="0.0">
    <ignored/>
  </testcase> <!-- TC2_getUserData -->
  <testcase classname="com.test.tests.EndToEndScript" name="TC5_deleteUserData" time="0.0">
    <ignored/>
  </testcase> <!-- TC5_deleteUserData -->
</testsuite> <!-- Default test -->
