<?xml version="1.0" encoding="UTF-8"?>
<!-- Generated by org.testng.reporters.JUnitXMLReporter -->
<testsuite ignored="0" hostname="Gokulnaths-MacBook-Pro.local" failures="0" tests="6" name="Test" time="35.912" errors="0" timestamp="2022-06-16T14:52:08 CDT">
  <testcase classname="com.test.tests.EndToEndScript" name="TC1_invalidLogin" time="1.698"/>
  <testcase classname="com.test.tests.EndToEndScript" name="TC1_validLogin" time="0.227"/>
  <testcase classname="com.test.tests.EndToEndScript" name="TC2_getUserData" time="11.964"/>
  <testcase classname="com.test.tests.EndToEndScript" name="TC3_addUserData" time="3.215"/>
  <testcase classname="com.test.tests.EndToEndScript" name="TC4_updateUserData" time="8.911"/>
  <testcase classname="com.test.tests.EndToEndScript" name="TC5_deleteUserData" time="9.197"/>
</testsuite> <!-- Test -->
